INFO - 2024-05-23 14:49:33 --> Session: Class initialized using 'CodeIgniter\Session\Handlers\FileHandler' driver.
INFO - 2024-05-23 14:51:43 --> Session: Class initialized using 'CodeIgniter\Session\Handlers\FileHandler' driver.
INFO - 2024-05-23 14:52:18 --> Session: Class initialized using 'CodeIgniter\Session\Handlers\FileHandler' driver.
INFO - 2024-05-23 14:52:18 --> Session: Class initialized using 'CodeIgniter\Session\Handlers\FileHandler' driver.
INFO - 2024-05-23 14:52:29 --> Session: Class initialized using 'CodeIgniter\Session\Handlers\FileHandler' driver.
INFO - 2024-05-23 14:52:29 --> Session: Class initialized using 'CodeIgniter\Session\Handlers\FileHandler' driver.
INFO - 2024-05-23 15:03:22 --> Session: Class initialized using 'CodeIgniter\Session\Handlers\FileHandler' driver.
INFO - 2024-05-23 15:03:23 --> Session: Class initialized using 'CodeIgniter\Session\Handlers\FileHandler' driver.
INFO - 2024-05-23 15:03:25 --> Session: Class initialized using 'CodeIgniter\Session\Handlers\FileHandler' driver.
INFO - 2024-05-23 15:03:45 --> Session: Class initialized using 'CodeIgniter\Session\Handlers\FileHandler' driver.
INFO - 2024-05-23 15:03:46 --> Session: Class initialized using 'CodeIgniter\Session\Handlers\FileHandler' driver.
INFO - 2024-05-23 15:04:10 --> Session: Class initialized using 'CodeIgniter\Session\Handlers\FileHandler' driver.
INFO - 2024-05-23 15:04:11 --> Session: Class initialized using 'CodeIgniter\Session\Handlers\FileHandler' driver.
INFO - 2024-05-23 15:04:11 --> Session: Class initialized using 'CodeIgniter\Session\Handlers\FileHandler' driver.
CRITICAL - 2024-05-23 16:07:52 --> ErrorException: Undefined variable $casas
[Method: GET, Route: casas]
in APPPATH\Views\casas.php on line 22.
 1 APPPATH\Views\casas.php(22): CodeIgniter\Debug\Exceptions->errorHandler(2, 'Undefined variable $casas', 'C:\\xampp\\htdocs\\eMeDE\\app\\Views\\casas.php', 22)
 2 SYSTEMPATH\View\View.php(234): include('C:\\xampp\\htdocs\\eMeDE\\app\\Views\\casas.php')
 3 SYSTEMPATH\View\View.php(237): CodeIgniter\View\View->CodeIgniter\View\{closure}()
 4 SYSTEMPATH\Common.php(1171): CodeIgniter\View\View->render('casas', [], true)
 5 APPPATH\Controllers\PanelController.php(35): view('casas')
 6 SYSTEMPATH\CodeIgniter.php(933): App\Controllers\PanelController->casas()
 7 SYSTEMPATH\CodeIgniter.php(509): CodeIgniter\CodeIgniter->runController(Object(App\Controllers\PanelController))
 8 SYSTEMPATH\CodeIgniter.php(355): CodeIgniter\CodeIgniter->handleRequest(null, Object(Config\Cache), false)
 9 SYSTEMPATH\Boot.php(312): CodeIgniter\CodeIgniter->run()
10 SYSTEMPATH\Boot.php(67): CodeIgniter\Boot::runCodeIgniter(Object(CodeIgniter\CodeIgniter))
11 FCPATH\index.php(56): CodeIgniter\Boot::bootWeb(Object(Config\Paths))
CRITICAL - 2024-05-23 16:09:13 --> ErrorException: Undefined variable $casas
[Method: GET, Route: casas]
in APPPATH\Views\casas.php on line 22.
 1 APPPATH\Views\casas.php(22): CodeIgniter\Debug\Exceptions->errorHandler(2, 'Undefined variable $casas', 'C:\\xampp\\htdocs\\eMeDE\\app\\Views\\casas.php', 22)
 2 SYSTEMPATH\View\View.php(234): include('C:\\xampp\\htdocs\\eMeDE\\app\\Views\\casas.php')
 3 SYSTEMPATH\View\View.php(237): CodeIgniter\View\View->CodeIgniter\View\{closure}()
 4 SYSTEMPATH\Common.php(1171): CodeIgniter\View\View->render('casas', [], true)
 5 APPPATH\Controllers\PanelController.php(35): view('casas')
 6 SYSTEMPATH\CodeIgniter.php(933): App\Controllers\PanelController->casas()
 7 SYSTEMPATH\CodeIgniter.php(509): CodeIgniter\CodeIgniter->runController(Object(App\Controllers\PanelController))
 8 SYSTEMPATH\CodeIgniter.php(355): CodeIgniter\CodeIgniter->handleRequest(null, Object(Config\Cache), false)
 9 SYSTEMPATH\Boot.php(312): CodeIgniter\CodeIgniter->run()
10 SYSTEMPATH\Boot.php(67): CodeIgniter\Boot::runCodeIgniter(Object(CodeIgniter\CodeIgniter))
11 FCPATH\index.php(56): CodeIgniter\Boot::bootWeb(Object(Config\Paths))
CRITICAL - 2024-05-23 16:09:15 --> ErrorException: Undefined variable $casas
[Method: GET, Route: casas]
in APPPATH\Views\casas.php on line 22.
 1 APPPATH\Views\casas.php(22): CodeIgniter\Debug\Exceptions->errorHandler(2, 'Undefined variable $casas', 'C:\\xampp\\htdocs\\eMeDE\\app\\Views\\casas.php', 22)
 2 SYSTEMPATH\View\View.php(234): include('C:\\xampp\\htdocs\\eMeDE\\app\\Views\\casas.php')
 3 SYSTEMPATH\View\View.php(237): CodeIgniter\View\View->CodeIgniter\View\{closure}()
 4 SYSTEMPATH\Common.php(1171): CodeIgniter\View\View->render('casas', [], true)
 5 APPPATH\Controllers\PanelController.php(35): view('casas')
 6 SYSTEMPATH\CodeIgniter.php(933): App\Controllers\PanelController->casas()
 7 SYSTEMPATH\CodeIgniter.php(509): CodeIgniter\CodeIgniter->runController(Object(App\Controllers\PanelController))
 8 SYSTEMPATH\CodeIgniter.php(355): CodeIgniter\CodeIgniter->handleRequest(null, Object(Config\Cache), false)
 9 SYSTEMPATH\Boot.php(312): CodeIgniter\CodeIgniter->run()
10 SYSTEMPATH\Boot.php(67): CodeIgniter\Boot::runCodeIgniter(Object(CodeIgniter\CodeIgniter))
11 FCPATH\index.php(56): CodeIgniter\Boot::bootWeb(Object(Config\Paths))
CRITICAL - 2024-05-23 16:09:18 --> ErrorException: Undefined variable $casas
[Method: GET, Route: casas]
in APPPATH\Views\casas.php on line 22.
 1 APPPATH\Views\casas.php(22): CodeIgniter\Debug\Exceptions->errorHandler(2, 'Undefined variable $casas', 'C:\\xampp\\htdocs\\eMeDE\\app\\Views\\casas.php', 22)
 2 SYSTEMPATH\View\View.php(234): include('C:\\xampp\\htdocs\\eMeDE\\app\\Views\\casas.php')
 3 SYSTEMPATH\View\View.php(237): CodeIgniter\View\View->CodeIgniter\View\{closure}()
 4 SYSTEMPATH\Common.php(1171): CodeIgniter\View\View->render('casas', [], true)
 5 APPPATH\Controllers\PanelController.php(35): view('casas')
 6 SYSTEMPATH\CodeIgniter.php(933): App\Controllers\PanelController->casas()
 7 SYSTEMPATH\CodeIgniter.php(509): CodeIgniter\CodeIgniter->runController(Object(App\Controllers\PanelController))
 8 SYSTEMPATH\CodeIgniter.php(355): CodeIgniter\CodeIgniter->handleRequest(null, Object(Config\Cache), false)
 9 SYSTEMPATH\Boot.php(312): CodeIgniter\CodeIgniter->run()
10 SYSTEMPATH\Boot.php(67): CodeIgniter\Boot::runCodeIgniter(Object(CodeIgniter\CodeIgniter))
11 FCPATH\index.php(56): CodeIgniter\Boot::bootWeb(Object(Config\Paths))
CRITICAL - 2024-05-23 16:09:36 --> ErrorException: Undefined variable $casas
[Method: GET, Route: casas]
in APPPATH\Views\casas.php on line 22.
 1 APPPATH\Views\casas.php(22): CodeIgniter\Debug\Exceptions->errorHandler(2, 'Undefined variable $casas', 'C:\\xampp\\htdocs\\eMeDE\\app\\Views\\casas.php', 22)
 2 SYSTEMPATH\View\View.php(234): include('C:\\xampp\\htdocs\\eMeDE\\app\\Views\\casas.php')
 3 SYSTEMPATH\View\View.php(237): CodeIgniter\View\View->CodeIgniter\View\{closure}()
 4 SYSTEMPATH\Common.php(1171): CodeIgniter\View\View->render('casas', [], true)
 5 APPPATH\Controllers\PanelController.php(35): view('casas')
 6 SYSTEMPATH\CodeIgniter.php(933): App\Controllers\PanelController->casas()
 7 SYSTEMPATH\CodeIgniter.php(509): CodeIgniter\CodeIgniter->runController(Object(App\Controllers\PanelController))
 8 SYSTEMPATH\CodeIgniter.php(355): CodeIgniter\CodeIgniter->handleRequest(null, Object(Config\Cache), false)
 9 SYSTEMPATH\Boot.php(312): CodeIgniter\CodeIgniter->run()
10 SYSTEMPATH\Boot.php(67): CodeIgniter\Boot::runCodeIgniter(Object(CodeIgniter\CodeIgniter))
11 FCPATH\index.php(56): CodeIgniter\Boot::bootWeb(Object(Config\Paths))
CRITICAL - 2024-05-23 16:09:37 --> ErrorException: Undefined variable $casas
[Method: GET, Route: casas]
in APPPATH\Views\casas.php on line 22.
 1 APPPATH\Views\casas.php(22): CodeIgniter\Debug\Exceptions->errorHandler(2, 'Undefined variable $casas', 'C:\\xampp\\htdocs\\eMeDE\\app\\Views\\casas.php', 22)
 2 SYSTEMPATH\View\View.php(234): include('C:\\xampp\\htdocs\\eMeDE\\app\\Views\\casas.php')
 3 SYSTEMPATH\View\View.php(237): CodeIgniter\View\View->CodeIgniter\View\{closure}()
 4 SYSTEMPATH\Common.php(1171): CodeIgniter\View\View->render('casas', [], true)
 5 APPPATH\Controllers\PanelController.php(35): view('casas')
 6 SYSTEMPATH\CodeIgniter.php(933): App\Controllers\PanelController->casas()
 7 SYSTEMPATH\CodeIgniter.php(509): CodeIgniter\CodeIgniter->runController(Object(App\Controllers\PanelController))
 8 SYSTEMPATH\CodeIgniter.php(355): CodeIgniter\CodeIgniter->handleRequest(null, Object(Config\Cache), false)
 9 SYSTEMPATH\Boot.php(312): CodeIgniter\CodeIgniter->run()
10 SYSTEMPATH\Boot.php(67): CodeIgniter\Boot::runCodeIgniter(Object(CodeIgniter\CodeIgniter))
11 FCPATH\index.php(56): CodeIgniter\Boot::bootWeb(Object(Config\Paths))
CRITICAL - 2024-05-23 16:09:38 --> ErrorException: Undefined variable $casas
[Method: GET, Route: casas]
in APPPATH\Views\casas.php on line 22.
 1 APPPATH\Views\casas.php(22): CodeIgniter\Debug\Exceptions->errorHandler(2, 'Undefined variable $casas', 'C:\\xampp\\htdocs\\eMeDE\\app\\Views\\casas.php', 22)
 2 SYSTEMPATH\View\View.php(234): include('C:\\xampp\\htdocs\\eMeDE\\app\\Views\\casas.php')
 3 SYSTEMPATH\View\View.php(237): CodeIgniter\View\View->CodeIgniter\View\{closure}()
 4 SYSTEMPATH\Common.php(1171): CodeIgniter\View\View->render('casas', [], true)
 5 APPPATH\Controllers\PanelController.php(35): view('casas')
 6 SYSTEMPATH\CodeIgniter.php(933): App\Controllers\PanelController->casas()
 7 SYSTEMPATH\CodeIgniter.php(509): CodeIgniter\CodeIgniter->runController(Object(App\Controllers\PanelController))
 8 SYSTEMPATH\CodeIgniter.php(355): CodeIgniter\CodeIgniter->handleRequest(null, Object(Config\Cache), false)
 9 SYSTEMPATH\Boot.php(312): CodeIgniter\CodeIgniter->run()
10 SYSTEMPATH\Boot.php(67): CodeIgniter\Boot::runCodeIgniter(Object(CodeIgniter\CodeIgniter))
11 FCPATH\index.php(56): CodeIgniter\Boot::bootWeb(Object(Config\Paths))
CRITICAL - 2024-05-23 16:10:20 --> ErrorException: Undefined variable $casas
[Method: GET, Route: casas]
in APPPATH\Views\casas.php on line 22.
 1 APPPATH\Views\casas.php(22): CodeIgniter\Debug\Exceptions->errorHandler(2, 'Undefined variable $casas', 'C:\\xampp\\htdocs\\eMeDE\\app\\Views\\casas.php', 22)
 2 SYSTEMPATH\View\View.php(234): include('C:\\xampp\\htdocs\\eMeDE\\app\\Views\\casas.php')
 3 SYSTEMPATH\View\View.php(237): CodeIgniter\View\View->CodeIgniter\View\{closure}()
 4 SYSTEMPATH\Common.php(1171): CodeIgniter\View\View->render('casas', [], true)
 5 APPPATH\Controllers\PanelController.php(35): view('casas')
 6 SYSTEMPATH\CodeIgniter.php(933): App\Controllers\PanelController->casas()
 7 SYSTEMPATH\CodeIgniter.php(509): CodeIgniter\CodeIgniter->runController(Object(App\Controllers\PanelController))
 8 SYSTEMPATH\CodeIgniter.php(355): CodeIgniter\CodeIgniter->handleRequest(null, Object(Config\Cache), false)
 9 SYSTEMPATH\Boot.php(312): CodeIgniter\CodeIgniter->run()
10 SYSTEMPATH\Boot.php(67): CodeIgniter\Boot::runCodeIgniter(Object(CodeIgniter\CodeIgniter))
11 FCPATH\index.php(56): CodeIgniter\Boot::bootWeb(Object(Config\Paths))
